<?xml version="1.0" encoding="UTF-8"?>
<testsuite name="org.apache.ofbiz.base.util.UtilCodecTests" tests="4" skipped="0" failures="0" errors="0" timestamp="2017-01-03T09:31:11" hostname="jinlongxideMacBook-Pro.local" time="0.076">
  <properties/>
  <testcase name="canonicalizeRevealsEscapedXSS" classname="org.apache.ofbiz.base.util.UtilCodecTests" time="0.064"/>
  <testcase name="checkStringForHtmlStrictNoneDetectsXSS" classname="org.apache.ofbiz.base.util.UtilCodecTests" time="0.0"/>
  <testcase name="testGetEncoder" classname="org.apache.ofbiz.base.util.UtilCodecTests" time="0.0"/>
  <testcase name="testCheckStringForHtmlStrictNone" classname="org.apache.ofbiz.base.util.UtilCodecTests" time="0.009"/>
  <system-out><![CDATA[17:31:11.777 [Test worker] ERROR org.apache.ofbiz.base.util.UtilCodec - Canonicalization (format consistency, character escaping that is mixed or double, etc) error for attribute named [double-encoding], String [%2%353Cscript]: org.apache.ofbiz.base.util.UtilCodec$IntrusionException: Input validation failure
]]></system-out>
  <system-err><![CDATA[]]></system-err>
</testsuite>
